<?xml version='1.0' encoding='UTF-8'?>
<testsuite hostname="Stavs-MBP.localdomain" name="TaskManagerSpec" tests="1" errors="0" failures="0" skipped="0" time="0.018" timestamp="2021-07-04T16:36:24">
          <properties>
[...]
</properties>
          <testcase classname="TaskManagerSpec" name="An empty tasks list should have 0 tasks due today" time="0.018">
                      
                    </testcase>
          <system-out><![CDATA[]]></system-out>
          <system-err><![CDATA[]]></system-err>
        </testsuite>